2023-08-16 01:57:10.168 [info] Extension host with pid 1294 started
2023-08-16 01:57:10.192 [info] Lock '/home/ubuntu/.vscode-server/data/User/workspaceStorage/99b2037422db7f2c209aca382b7d9557/vscode.lock': Lock acquired.
2023-08-16 01:57:10.307 [info] ExtensionService#_doActivateExtension vscode.emmet, startup: false, activationEvent: 'onLanguage'
2023-08-16 01:57:10.309 [info] ExtensionService#_doActivateExtension ms-python.python, startup: false, activationEvent: 'onLanguage:python', root cause: ms-python.flake8
2023-08-16 01:57:11.353 [info] ExtensionService#_doActivateExtension vscode.git-base, startup: true, activationEvent: '*', root cause: vscode.git
2023-08-16 01:57:11.585 [info] ExtensionService#_doActivateExtension vscode.git, startup: true, activationEvent: '*'
2023-08-16 01:57:11.585 [info] ExtensionService#_doActivateExtension vscode.github, startup: true, activationEvent: '*'
2023-08-16 01:57:11.790 [info] ExtensionService#_doActivateExtension ms-python.flake8, startup: false, activationEvent: 'onLanguage:python'
2023-08-16 01:57:11.790 [info] ExtensionService#_doActivateExtension ms-python.vscode-pylance, startup: false, activationEvent: 'onLanguage:python'
2023-08-16 01:57:14.183 [info] Eager extensions activated
2023-08-16 01:57:14.184 [info] ExtensionService#_doActivateExtension vscode.debug-auto-launch, startup: false, activationEvent: 'onStartupFinished'
2023-08-16 01:57:14.184 [info] ExtensionService#_doActivateExtension vscode.merge-conflict, startup: false, activationEvent: 'onStartupFinished'
2023-08-16 02:00:43.574 [info] ExtensionService#_doActivateExtension vscode.npm, startup: false, activationEvent: 'onTerminalQuickFixRequest:ms-vscode.npm-command'
2023-08-16 02:00:43.618 [error] Error: read ECONNRESET
	at TLSWrap.onStreamRead (node:internal/stream_base_commons:217:20)
2023-08-16 02:18:40.577 [error] [ms-python.python] provider FAILED
2023-08-16 02:18:40.578 [error] TypeError: Cannot read properties of undefined (reading 'data')
	at /home/ubuntu/.vscode-server/extensions/ms-python.vscode-pylance-2023.8.20/dist/extension.bundle.js:1:71101
	at _0x272595 (/home/ubuntu/.vscode-server/extensions/ms-python.vscode-pylance-2023.8.20/dist/extension.bundle.js:1:82916)
	at async ce.provideCompletionItems (/home/ubuntu/.vscode-server/bin/6c3e3dba23e8fadc360aed75ce363ba185c49794/out/vs/workbench/api/node/extensionHostProcess.js:105:50188)
2023-08-16 02:50:13.385 [error] [ms-python.python] provider FAILED
2023-08-16 02:50:13.385 [error] TypeError: Cannot read properties of undefined (reading 'data')
	at /home/ubuntu/.vscode-server/extensions/ms-python.vscode-pylance-2023.8.20/dist/extension.bundle.js:1:71101
	at _0x272595 (/home/ubuntu/.vscode-server/extensions/ms-python.vscode-pylance-2023.8.20/dist/extension.bundle.js:1:82916)
	at async ce.provideCompletionItems (/home/ubuntu/.vscode-server/bin/6c3e3dba23e8fadc360aed75ce363ba185c49794/out/vs/workbench/api/node/extensionHostProcess.js:105:50188)
2023-08-16 02:56:02.976 [info] Extension host terminating: received terminate message from renderer
2023-08-16 02:56:02.977 [info] Lock '/home/ubuntu/.vscode-server/data/User/workspaceStorage/99b2037422db7f2c209aca382b7d9557/vscode.lock': Marking the lockfile as scheduled to be released in 6000 ms.
2023-08-16 02:56:03.055 [info] Extension host with pid 1294 exiting with code 0
