2023-08-16 08:10:10.945 [info] Extension host with pid 2030 started
2023-08-16 08:10:10.960 [error] Error: EEXIST: file already exists, open '/home/ubuntu/.vscode-server/data/User/workspaceStorage/99b2037422db7f2c209aca382b7d9557/vscode.lock'
2023-08-16 08:10:10.967 [info] Lock '/home/ubuntu/.vscode-server/data/User/workspaceStorage/99b2037422db7f2c209aca382b7d9557/vscode.lock': Could not acquire lock, checking if the file is stale.
2023-08-16 08:10:10.971 [info] Lock '/home/ubuntu/.vscode-server/data/User/workspaceStorage/99b2037422db7f2c209aca382b7d9557/vscode.lock': The pid 5850 appears to be gone.
2023-08-16 08:10:10.971 [info] Lock '/home/ubuntu/.vscode-server/data/User/workspaceStorage/99b2037422db7f2c209aca382b7d9557/vscode.lock': Deleting a stale lock.
2023-08-16 08:10:10.983 [info] Lock '/home/ubuntu/.vscode-server/data/User/workspaceStorage/99b2037422db7f2c209aca382b7d9557/vscode.lock': Lock acquired.
2023-08-16 08:10:11.095 [info] ExtensionService#_doActivateExtension vscode.emmet, startup: false, activationEvent: 'onLanguage'
2023-08-16 08:10:11.240 [info] ExtensionService#_doActivateExtension vscode.git-base, startup: true, activationEvent: '*', root cause: vscode.git
2023-08-16 08:10:11.407 [info] ExtensionService#_doActivateExtension vscode.git, startup: true, activationEvent: '*'
2023-08-16 08:10:11.407 [info] ExtensionService#_doActivateExtension vscode.github, startup: true, activationEvent: '*'
2023-08-16 08:10:12.316 [info] Eager extensions activated
2023-08-16 08:10:12.316 [info] ExtensionService#_doActivateExtension vscode.debug-auto-launch, startup: false, activationEvent: 'onStartupFinished'
2023-08-16 08:10:12.317 [info] ExtensionService#_doActivateExtension vscode.merge-conflict, startup: false, activationEvent: 'onStartupFinished'
2023-08-16 08:10:24.753 [info] ExtensionService#_doActivateExtension ms-python.python, startup: false, activationEvent: 'onLanguage:python'
2023-08-16 08:10:25.313 [info] ExtensionService#_doActivateExtension ms-python.vscode-pylance, startup: false, activationEvent: 'onLanguage:python'
2023-08-16 08:41:08.787 [error] [ms-python.python] provider FAILED
2023-08-16 08:41:08.788 [error] TypeError: Cannot read properties of undefined (reading 'data')
	at /home/ubuntu/.vscode-server/extensions/ms-python.vscode-pylance-2023.8.20/dist/extension.bundle.js:1:71101
	at _0x272595 (/home/ubuntu/.vscode-server/extensions/ms-python.vscode-pylance-2023.8.20/dist/extension.bundle.js:1:82916)
	at async ce.provideCompletionItems (/home/ubuntu/.vscode-server/bin/6c3e3dba23e8fadc360aed75ce363ba185c49794/out/vs/workbench/api/node/extensionHostProcess.js:105:50188)
2023-08-16 09:38:27.879 [info] ExtensionService#_doActivateExtension vscode.npm, startup: false, activationEvent: 'onTerminalQuickFixRequest:ms-vscode.npm-command'
2023-08-16 09:38:29.012 [error] Error: ENOENT: no such file or directory, realpath '/home/ubuntu/Weather-Data-ETL/'
2023-08-16 09:38:58.986 [error] Error: ENOENT: no such file or directory, realpath '/home/ubuntu/Weather-Data-ETL/'
