2023-08-16 02:56:08.629 [info] Extension host with pid 5850 started
2023-08-16 02:56:08.662 [info] Lock '/home/ubuntu/.vscode-server/data/User/workspaceStorage/99b2037422db7f2c209aca382b7d9557/vscode.lock': Lock acquired.
2023-08-16 02:56:08.902 [info] ExtensionService#_doActivateExtension vscode.emmet, startup: false, activationEvent: 'onLanguage'
2023-08-16 02:56:08.904 [info] ExtensionService#_doActivateExtension ms-python.python, startup: false, activationEvent: 'onLanguage:python'
2023-08-16 02:56:09.923 [info] ExtensionService#_doActivateExtension vscode.git-base, startup: true, activationEvent: '*', root cause: vscode.git
2023-08-16 02:56:10.018 [info] ExtensionService#_doActivateExtension vscode.git, startup: true, activationEvent: '*'
2023-08-16 02:56:10.019 [info] ExtensionService#_doActivateExtension vscode.github, startup: true, activationEvent: '*'
2023-08-16 02:56:10.407 [info] ExtensionService#_doActivateExtension ms-python.vscode-pylance, startup: false, activationEvent: 'onLanguage:python'
2023-08-16 02:56:11.204 [info] Eager extensions activated
2023-08-16 02:56:11.205 [info] ExtensionService#_doActivateExtension vscode.debug-auto-launch, startup: false, activationEvent: 'onStartupFinished'
2023-08-16 02:56:11.205 [info] ExtensionService#_doActivateExtension vscode.merge-conflict, startup: false, activationEvent: 'onStartupFinished'
2023-08-16 02:56:22.447 [info] ExtensionService#_doActivateExtension vscode.npm, startup: false, activationEvent: 'onTerminalQuickFixRequest:ms-vscode.npm-command'
2023-08-16 03:06:20.513 [error] [ms-python.python] provider FAILED
2023-08-16 03:06:20.513 [error] TypeError: Cannot read properties of undefined (reading 'data')
	at /home/ubuntu/.vscode-server/extensions/ms-python.vscode-pylance-2023.8.20/dist/extension.bundle.js:1:71101
	at _0x272595 (/home/ubuntu/.vscode-server/extensions/ms-python.vscode-pylance-2023.8.20/dist/extension.bundle.js:1:82916)
	at async ce.provideCompletionItems (/home/ubuntu/.vscode-server/bin/6c3e3dba23e8fadc360aed75ce363ba185c49794/out/vs/workbench/api/node/extensionHostProcess.js:105:50188)
2023-08-16 03:17:20.949 [error] [ms-python.python] provider FAILED
2023-08-16 03:17:20.949 [error] TypeError: Cannot read properties of undefined (reading 'data')
	at /home/ubuntu/.vscode-server/extensions/ms-python.vscode-pylance-2023.8.20/dist/extension.bundle.js:1:71101
	at _0x272595 (/home/ubuntu/.vscode-server/extensions/ms-python.vscode-pylance-2023.8.20/dist/extension.bundle.js:1:82916)
	at async ce.provideCompletionItems (/home/ubuntu/.vscode-server/bin/6c3e3dba23e8fadc360aed75ce363ba185c49794/out/vs/workbench/api/node/extensionHostProcess.js:105:50188)
2023-08-16 03:21:08.469 [error] Error: read ECONNRESET
	at TLSWrap.onStreamRead (node:internal/stream_base_commons:217:20)
2023-08-16 03:21:10.677 [error] Error: read ECONNRESET
	at TLSWrap.onStreamRead (node:internal/stream_base_commons:217:20)
