*
* Visual Studio Code Server
*
* By using the software, you agree to
* the Visual Studio Code Server License Terms (https://aka.ms/vscode-server-license) and
* the Microsoft Privacy Statement (https://privacy.microsoft.com/en-US/privacystatement).
*
Server bound to 127.0.0.1:34277 (IPv4)
Extension host agent listening on 34277

[08:09:50] 




[08:09:50] Extension host agent started.
[08:09:50] [127.0.0.1][3021b6f2][ManagementConnection] New connection established.
[08:09:51] [127.0.0.1][3442714c][ExtensionHostConnection] New connection established.
[08:09:51] [127.0.0.1][3442714c][ExtensionHostConnection] <1862> Launched Extension Host Process.
[08:10:04] [127.0.0.1][3021b6f2][ManagementConnection] The client has disconnected gracefully, so the connection will be disposed.
[08:10:04] Error: Throttler is disposed
    at r.queue (/home/ubuntu/.vscode-server/bin/6c3e3dba23e8fadc360aed75ce363ba185c49794/out/vs/server/node/server.main.js:70:13612)
    at /home/ubuntu/.vscode-server/bin/6c3e3dba23e8fadc360aed75ce363ba185c49794/out/vs/server/node/server.main.js:70:15183
    at /home/ubuntu/.vscode-server/bin/6c3e3dba23e8fadc360aed75ce363ba185c49794/out/vs/server/node/server.main.js:70:14822
    at runNextTicks (node:internal/process/task_queues:61:5)
    at listOnTimeout (node:internal/timers:528:9)
    at processTimers (node:internal/timers:502:7)
[08:10:04] [127.0.0.1][3442714c][ExtensionHostConnection] <1862> Extension Host Process exited with code: 0, signal: null.
Cancelling previous shutdown timeout
[08:10:04] Cancelling previous shutdown timeout
Last EH closed, waiting before shutting down
[08:10:04] Last EH closed, waiting before shutting down
Got delay-shutdown request while in shutdown timeout, delaying
[08:10:08] Got delay-shutdown request while in shutdown timeout, delaying
Cancelling previous shutdown timeout
[08:10:08] Cancelling previous shutdown timeout
[08:10:08] [127.0.0.1][230f267d][ManagementConnection] New connection established.
[08:10:08] [127.0.0.1][c9305e26][ExtensionHostConnection] New connection established.
[08:10:08] [127.0.0.1][c9305e26][ExtensionHostConnection] <2030> Launched Extension Host Process.
rejected promise not handled within 1 second: CodeExpectedError: Could not find pty on pty host
stack trace: CodeExpectedError: Could not find pty on pty host
    at g.P (/home/ubuntu/.vscode-server/bin/6c3e3dba23e8fadc360aed75ce363ba185c49794/out/vs/platform/terminal/node/ptyHostMain.js:28:7542)
    at g.updateTitle (/home/ubuntu/.vscode-server/bin/6c3e3dba23e8fadc360aed75ce363ba185c49794/out/vs/platform/terminal/node/ptyHostMain.js:28:2693)
    at g.B.<computed> (/home/ubuntu/.vscode-server/bin/6c3e3dba23e8fadc360aed75ce363ba185c49794/out/vs/platform/terminal/node/ptyHostMain.js:27:22689)
    at Object.call (/home/ubuntu/.vscode-server/bin/6c3e3dba23e8fadc360aed75ce363ba185c49794/out/vs/platform/terminal/node/ptyHostMain.js:17:4867)
    at l.s (/home/ubuntu/.vscode-server/bin/6c3e3dba23e8fadc360aed75ce363ba185c49794/out/vs/platform/terminal/node/ptyHostMain.js:15:5150)
    at l.q (/home/ubuntu/.vscode-server/bin/6c3e3dba23e8fadc360aed75ce363ba185c49794/out/vs/platform/terminal/node/ptyHostMain.js:15:4661)
    at i.value (/home/ubuntu/.vscode-server/bin/6c3e3dba23e8fadc360aed75ce363ba185c49794/out/vs/platform/terminal/node/ptyHostMain.js:15:4066)
    at k.w (/home/ubuntu/.vscode-server/bin/6c3e3dba23e8fadc360aed75ce363ba185c49794/out/vs/platform/terminal/node/ptyHostMain.js:10:1902)
    at k.fire (/home/ubuntu/.vscode-server/bin/6c3e3dba23e8fadc360aed75ce363ba185c49794/out/vs/platform/terminal/node/ptyHostMain.js:10:2119)
    at process.X (/home/ubuntu/.vscode-server/bin/6c3e3dba23e8fadc360aed75ce363ba185c49794/out/vs/platform/terminal/node/ptyHostMain.js:8:27134)
    at process.emit (node:events:513:28)
    at emit (node:internal/child_process:939:14)
    at processTicksAndRejections (node:internal/process/task_queues:84:21)
[08:10:11] Error [CodeExpectedError]: Could not find pty on pty host
    at g.P (/home/ubuntu/.vscode-server/bin/6c3e3dba23e8fadc360aed75ce363ba185c49794/out/vs/platform/terminal/node/ptyHostMain.js:28:7542)
    at g.updateTitle (/home/ubuntu/.vscode-server/bin/6c3e3dba23e8fadc360aed75ce363ba185c49794/out/vs/platform/terminal/node/ptyHostMain.js:28:2693)
    at g.B.<computed> (/home/ubuntu/.vscode-server/bin/6c3e3dba23e8fadc360aed75ce363ba185c49794/out/vs/platform/terminal/node/ptyHostMain.js:27:22689)
    at Object.call (/home/ubuntu/.vscode-server/bin/6c3e3dba23e8fadc360aed75ce363ba185c49794/out/vs/platform/terminal/node/ptyHostMain.js:17:4867)
    at l.s (/home/ubuntu/.vscode-server/bin/6c3e3dba23e8fadc360aed75ce363ba185c49794/out/vs/platform/terminal/node/ptyHostMain.js:15:5150)
    at l.q (/home/ubuntu/.vscode-server/bin/6c3e3dba23e8fadc360aed75ce363ba185c49794/out/vs/platform/terminal/node/ptyHostMain.js:15:4661)
    at i.value (/home/ubuntu/.vscode-server/bin/6c3e3dba23e8fadc360aed75ce363ba185c49794/out/vs/platform/terminal/node/ptyHostMain.js:15:4066)
    at k.w (/home/ubuntu/.vscode-server/bin/6c3e3dba23e8fadc360aed75ce363ba185c49794/out/vs/platform/terminal/node/ptyHostMain.js:10:1902)
    at k.fire (/home/ubuntu/.vscode-server/bin/6c3e3dba23e8fadc360aed75ce363ba185c49794/out/vs/platform/terminal/node/ptyHostMain.js:10:2119)
    at process.X (/home/ubuntu/.vscode-server/bin/6c3e3dba23e8fadc360aed75ce363ba185c49794/out/vs/platform/terminal/node/ptyHostMain.js:8:27134)
    at process.emit (node:events:513:28)
    at emit (node:internal/child_process:939:14)
    at processTicksAndRejections (node:internal/process/task_queues:84:21)
New EH opened, aborting shutdown
[08:15:08] New EH opened, aborting shutdown
